<?xml version="1.0" encoding="UTF-8"?>
<!-- Generated by org.testng.reporters.JUnitXMLReporter -->
<testsuite ignored="0" hostname="DESKTOP-K4N0KLF" failures="1" tests="4" name="Login Test" time="35.131" errors="0" timestamp="2024-06-07T11:40:22 IST">
  <testcase classname="com.example.tests.LoginPageTests" name="invalidCredentials" time="1.8"/>
  <testcase classname="com.example.tests.LoginPageTests" name="missingPassword" time="0.864"/>
  <testcase classname="com.example.tests.LoginPageTests" name="missingUsername" time="0.874"/>
  <testcase classname="com.example.tests.LoginPageTests" name="validCredentials" time="6.289">
    <failure type="java.lang.AssertionError" message="expected [Dashboard1] but found [Dashboard]">
      <![CDATA[java.lang.AssertionError: expected [Dashboard1] but found [Dashboard]
at com.example.tests.LoginPageTests.validCredentials(LoginPageTests.java:71)
at java.base/java.util.ArrayList.forEach(ArrayList.java:1511)
at com.intellij.rt.testng.IDEARemoteTestNG.run(IDEARemoteTestNG.java:66)
at com.intellij.rt.testng.RemoteTestNGStarter.main(RemoteTestNGStarter.java:109)
... Removed 30 stack frames]]>
    </failure>
  </testcase> <!-- validCredentials -->
</testsuite> <!-- Login Test -->
