<?xml version="1.0" encoding="UTF-8"?>
<testng-results ignored="0" total="4" passed="3" failed="1" skipped="0">
  <reporter-output>
  </reporter-output>
  <suite started-at="2024-06-07T11:39:47 IST" name="Data Driven Framework" finished-at="2024-06-07T11:40:22 IST" duration-ms="35131">
    <groups>
    </groups>
    <test started-at="2024-06-07T11:39:47 IST" name="Login Test" finished-at="2024-06-07T11:40:22 IST" duration-ms="35131">
      <class name="com.example.tests.LoginPageTests">
        <test-method is-config="true" signature="setupTestData()[pri:0, instance:com.example.tests.LoginPageTests@4c1d9d4b]" started-at="2024-06-07T11:39:47 IST" name="setupTestData" finished-at="2024-06-07T11:39:48 IST" duration-ms="1034" status="PASS">
          <reporter-output>
          </reporter-output>
        </test-method> <!-- setupTestData -->
        <test-method is-config="true" signature="setup()[pri:0, instance:com.example.tests.LoginPageTests@4c1d9d4b]" started-at="2024-06-07T11:39:48 IST" name="setup" finished-at="2024-06-07T11:39:53 IST" duration-ms="5108" status="PASS">
          <reporter-output>
          </reporter-output>
        </test-method> <!-- setup -->
        <test-method signature="invalidCredentials()[pri:0, instance:com.example.tests.LoginPageTests@4c1d9d4b]" started-at="2024-06-07T11:39:53 IST" name="invalidCredentials" finished-at="2024-06-07T11:39:55 IST" duration-ms="1800" status="PASS">
          <reporter-output>
          </reporter-output>
        </test-method> <!-- invalidCredentials -->
        <test-method is-config="true" signature="tearDown()[pri:0, instance:com.example.tests.LoginPageTests@4c1d9d4b]" started-at="2024-06-07T11:39:55 IST" name="tearDown" finished-at="2024-06-07T11:39:57 IST" duration-ms="1765" status="PASS">
          <reporter-output>
          </reporter-output>
        </test-method> <!-- tearDown -->
        <test-method is-config="true" signature="setup()[pri:0, instance:com.example.tests.LoginPageTests@4c1d9d4b]" started-at="2024-06-07T11:39:57 IST" name="setup" finished-at="2024-06-07T11:40:03 IST" duration-ms="6354" status="PASS">
          <reporter-output>
          </reporter-output>
        </test-method> <!-- setup -->
        <test-method signature="missingPassword()[pri:0, instance:com.example.tests.LoginPageTests@4c1d9d4b]" started-at="2024-06-07T11:40:03 IST" name="missingPassword" finished-at="2024-06-07T11:40:04 IST" duration-ms="864" status="PASS">
          <reporter-output>
          </reporter-output>
        </test-method> <!-- missingPassword -->
        <test-method is-config="true" signature="tearDown()[pri:0, instance:com.example.tests.LoginPageTests@4c1d9d4b]" started-at="2024-06-07T11:40:04 IST" name="tearDown" finished-at="2024-06-07T11:40:04 IST" duration-ms="214" status="PASS">
          <reporter-output>
          </reporter-output>
        </test-method> <!-- tearDown -->
        <test-method is-config="true" signature="setup()[pri:0, instance:com.example.tests.LoginPageTests@4c1d9d4b]" started-at="2024-06-07T11:40:04 IST" name="setup" finished-at="2024-06-07T11:40:10 IST" duration-ms="6265" status="PASS">
          <reporter-output>
          </reporter-output>
        </test-method> <!-- setup -->
        <test-method signature="missingUsername()[pri:0, instance:com.example.tests.LoginPageTests@4c1d9d4b]" started-at="2024-06-07T11:40:10 IST" name="missingUsername" finished-at="2024-06-07T11:40:11 IST" duration-ms="874" status="PASS">
          <reporter-output>
          </reporter-output>
        </test-method> <!-- missingUsername -->
        <test-method is-config="true" signature="tearDown()[pri:0, instance:com.example.tests.LoginPageTests@4c1d9d4b]" started-at="2024-06-07T11:40:11 IST" name="tearDown" finished-at="2024-06-07T11:40:11 IST" duration-ms="259" status="PASS">
          <reporter-output>
          </reporter-output>
        </test-method> <!-- tearDown -->
        <test-method is-config="true" signature="setup()[pri:0, instance:com.example.tests.LoginPageTests@4c1d9d4b]" started-at="2024-06-07T11:40:11 IST" name="setup" finished-at="2024-06-07T11:40:14 IST" duration-ms="2253" status="PASS">
          <reporter-output>
          </reporter-output>
        </test-method> <!-- setup -->
        <test-method signature="validCredentials()[pri:0, instance:com.example.tests.LoginPageTests@4c1d9d4b]" started-at="2024-06-07T11:40:14 IST" name="validCredentials" finished-at="2024-06-07T11:40:20 IST" duration-ms="6289" status="FAIL">
          <exception class="java.lang.AssertionError">
            <message>
              <![CDATA[expected [Dashboard1] but found [Dashboard]]]>
            </message>
            <full-stacktrace>
              <![CDATA[java.lang.AssertionError: expected [Dashboard1] but found [Dashboard]
at org.testng.Assert.fail(Assert.java:111)
at org.testng.Assert.failNotEquals(Assert.java:1578)
at org.testng.Assert.assertEqualsImpl(Assert.java:150)
at org.testng.Assert.assertEquals(Assert.java:132)
at org.testng.Assert.assertEquals(Assert.java:656)
at org.testng.Assert.assertEquals(Assert.java:666)
at com.example.tests.LoginPageTests.validCredentials(LoginPageTests.java:71)
at java.base/jdk.internal.reflect.NativeMethodAccessorImpl.invoke0(Native Method)
at java.base/jdk.internal.reflect.NativeMethodAccessorImpl.invoke(NativeMethodAccessorImpl.java:77)
at java.base/jdk.internal.reflect.DelegatingMethodAccessorImpl.invoke(DelegatingMethodAccessorImpl.java:43)
at java.base/java.lang.reflect.Method.invoke(Method.java:568)
at org.testng.internal.invokers.MethodInvocationHelper.invokeMethod(MethodInvocationHelper.java:141)
at org.testng.internal.invokers.TestInvoker.invokeMethod(TestInvoker.java:686)
at org.testng.internal.invokers.TestInvoker.invokeTestMethod(TestInvoker.java:230)
at org.testng.internal.invokers.MethodRunner.runInSequence(MethodRunner.java:63)
at org.testng.internal.invokers.TestInvoker$MethodInvocationAgent.invoke(TestInvoker.java:992)
at org.testng.internal.invokers.TestInvoker.invokeTestMethods(TestInvoker.java:203)
at org.testng.internal.invokers.TestMethodWorker.invokeTestMethods(TestMethodWorker.java:154)
at org.testng.internal.invokers.TestMethodWorker.run(TestMethodWorker.java:134)
at java.base/java.util.ArrayList.forEach(ArrayList.java:1511)
at org.testng.TestRunner.privateRun(TestRunner.java:739)
at org.testng.TestRunner.run(TestRunner.java:614)
at org.testng.SuiteRunner.runTest(SuiteRunner.java:421)
at org.testng.SuiteRunner.runSequentially(SuiteRunner.java:413)
at org.testng.SuiteRunner.privateRun(SuiteRunner.java:373)
at org.testng.SuiteRunner.run(SuiteRunner.java:312)
at org.testng.SuiteRunnerWorker.runSuite(SuiteRunnerWorker.java:52)
at org.testng.SuiteRunnerWorker.run(SuiteRunnerWorker.java:95)
at org.testng.TestNG.runSuitesSequentially(TestNG.java:1274)
at org.testng.TestNG.runSuitesLocally(TestNG.java:1208)
at org.testng.TestNG.runSuites(TestNG.java:1112)
at org.testng.TestNG.run(TestNG.java:1079)
at com.intellij.rt.testng.IDEARemoteTestNG.run(IDEARemoteTestNG.java:66)
at com.intellij.rt.testng.RemoteTestNGStarter.main(RemoteTestNGStarter.java:109)
]]>
            </full-stacktrace>
          </exception> <!-- java.lang.AssertionError -->
          <reporter-output>
          </reporter-output>
        </test-method> <!-- validCredentials -->
        <test-method is-config="true" signature="tearDown()[pri:0, instance:com.example.tests.LoginPageTests@4c1d9d4b]" started-at="2024-06-07T11:40:20 IST" name="tearDown" finished-at="2024-06-07T11:40:22 IST" duration-ms="1873" status="PASS">
          <reporter-output>
          </reporter-output>
        </test-method> <!-- tearDown -->
      </class> <!-- com.example.tests.LoginPageTests -->
    </test> <!-- Login Test -->
  </suite> <!-- Data Driven Framework -->
</testng-results>
